<?xml version="1.0" encoding="UTF-8"?>
<testsuite name="guru.qa.SelenideGitTests" tests="1" skipped="0" failures="0" errors="0" timestamp="2023-08-31T08:26:12" hostname="DESKTOP-9A888O6" time="5.955">
  <properties/>
  <testcase name="findPageSoftAssertions()" classname="guru.qa.SelenideGitTests" time="5.955"/>
  <system-out><![CDATA[]]></system-out>
  <system-err><![CDATA[SLF4J: No SLF4J providers were found.
SLF4J: Defaulting to no-operation (NOP) logger implementation
SLF4J: See https://www.slf4j.org/codes.html#noProviders for further details.
авг. 31, 2023 2:26:15 PM org.openqa.selenium.devtools.CdpVersionFinder findNearestMatch
WARNING: Unable to find an exact match for CDP version 116, so returning the closest version found: 115
]]></system-err>
</testsuite>
